<?xml version="1.0" encoding="UTF-8"?>
<!-- Generated by org.testng.reporters.JUnitReportReporter -->
<testsuite hostname="thuongnt" failures="0" tests="1" name="automation.testsuite.TS_EpicLogin" time="7.233" errors="0" timestamp="13 Feb 2022 16:29:59 GMT">
  <testcase classname="automation.testsuite.TS_EpicLogin" name="CA_1_Login_18" time="7.233"/>
</testsuite> <!-- automation.testsuite.TS_EpicLogin -->
