<?xml version="1.0" encoding="UTF-8"?>
<!-- Generated by org.testng.reporters.JUnitReportReporter -->
<testsuite hostname="Admin-PC" failures="0" tests="1" name="automation.testsuite.TS_Test" time="10.366" errors="0" timestamp="13 Jun 2023 16:37:56 GMT">
  <testcase classname="automation.testsuite.TS_Test" name="Demo_Testcase" time="10.366"/>
</testsuite> <!-- automation.testsuite.TS_Test -->
