<?xml version="1.0" encoding="UTF-8"?>
<!-- Generated by org.testng.reporters.JUnitReportReporter -->
<testsuite hostname="vtt-cntt-l-77-HP-ProDesk-400-G5-MT-IDS-APJ" name="org.selenium.automationtest.testsuite.TS_IM_QLK_Xuat_tra_hang_doitac" tests="6" failures="0" timestamp="16 Dec 2019 12:47:45 GMT" time="303.973" errors="0">
  <testcase name="QLKHO_XUATTRA_DOITAC_002" time="57.930" classname="org.selenium.automationtest.testsuite.TS_IM_QLK_Xuat_tra_hang_doitac"/>
  <testcase name="ChuanBiDL_000" time="10.966" classname="org.selenium.automationtest.testsuite.TS_IM_QLK_Xuat_tra_hang_doitac"/>
  <testcase name="QLKHO_XUATTRA_DOITAC_001" time="59.902" classname="org.selenium.automationtest.testsuite.TS_IM_QLK_Xuat_tra_hang_doitac"/>
  <testcase name="QLKHO_XUATTRA_DOITAC_005" time="60.303" classname="org.selenium.automationtest.testsuite.TS_IM_QLK_Xuat_tra_hang_doitac"/>
  <testcase name="QLKHO_XUATTRA_DOITAC_004" time="56.765" classname="org.selenium.automationtest.testsuite.TS_IM_QLK_Xuat_tra_hang_doitac"/>
  <testcase name="QLKHO_XUATTRA_DOITAC_003" time="58.107" classname="org.selenium.automationtest.testsuite.TS_IM_QLK_Xuat_tra_hang_doitac"/>
</testsuite> <!-- org.selenium.automationtest.testsuite.TS_IM_QLK_Xuat_tra_hang_doitac -->
