<?xml version="1.0" encoding="UTF-8"?>
<!-- Generated by org.testng.reporters.JUnitReportReporter -->
<testsuite hostname="vtt-cntt-l-77-HP-ProDesk-400-G5-MT-IDS-APJ" name="org.selenium.automationtest.testsuite.TS_IM_QLK_CanKho_XuatHangCanKho_Nhung" tests="1" failures="0" timestamp="22 Nov 2019 06:41:46 GMT" time="24.044" errors="0">
  <testcase name="TC003_XuatHangCankho_Kit_TheoDai" time="24.044" classname="org.selenium.automationtest.testsuite.TS_IM_QLK_CanKho_XuatHangCanKho_Nhung"/>
</testsuite> <!-- org.selenium.automationtest.testsuite.TS_IM_QLK_CanKho_XuatHangCanKho_Nhung -->
