<?xml version="1.0" encoding="UTF-8"?>
<!-- Generated by org.testng.reporters.JUnitReportReporter -->
<testsuite hostname="vtt-cntt-l-77-HP-ProDesk-400-G5-MT-IDS-APJ" name="org.selenium.automationtest.testsuite.TS_PRODUCT_DinhNghiaMapping" tests="1" failures="0" timestamp="16 Aug 2019 08:49:41 GMT" time="213.129" errors="0">
  <testcase name="TC_001_ThemMoiDinhnghia" time="213.129" classname="org.selenium.automationtest.testsuite.TS_PRODUCT_DinhNghiaMapping"/>
</testsuite> <!-- org.selenium.automationtest.testsuite.TS_PRODUCT_DinhNghiaMapping -->
