<?xml version="1.0" encoding="UTF-8"?>
<!-- Generated by org.testng.reporters.JUnitReportReporter -->
<testsuite hostname="vtt-cntt-l-77-HP-ProDesk-400-G5-MT-IDS-APJ" name="org.selenium.automationtest.testsuite.TS_IM_BanHang_Banphat" tests="4" failures="0" timestamp="19 Dec 2019 05:10:05 GMT" time="286.647" errors="0">
  <testcase name="TC_002_BanPhat_HANDSET" time="37.397" classname="org.selenium.automationtest.testsuite.TS_IM_BanHang_Banphat"/>
  <testcase name="TC_001_BanPhat_SIM" time="55.759" classname="org.selenium.automationtest.testsuite.TS_IM_BanHang_Banphat"/>
  <testcase name="TC_004_BanPhat_ALLMH" time="153.858" classname="org.selenium.automationtest.testsuite.TS_IM_BanHang_Banphat"/>
  <testcase name="TC_003_BanPhat_CARD" time="39.633" classname="org.selenium.automationtest.testsuite.TS_IM_BanHang_Banphat"/>
</testsuite> <!-- org.selenium.automationtest.testsuite.TS_IM_BanHang_Banphat -->
