<?xml version="1.0" encoding="UTF-8"?>
<!-- Generated by org.testng.reporters.JUnitReportReporter -->
<testsuite hostname="vtt-cntt-l-77-HP-ProDesk-400-G5-MT-IDS-APJ" name="org.selenium.automationtest.testsuite.TS_QuanlyGoiSP_DichVuBanHang" tests="20" failures="0" timestamp="25 Oct 2019 03:47:01 GMT" time="979.371" errors="0">
  <testcase name="TC005_SuaDVBH_XoaLoaimathang" time="97.177" classname="org.selenium.automationtest.testsuite.TS_QuanlyGoiSP_DichVuBanHang"/>
  <testcase name="TC003_SuaDVBH_Suangayhethan_XoamathangchoDVBH" time="93.925" classname="org.selenium.automationtest.testsuite.TS_QuanlyGoiSP_DichVuBanHang"/>
  <testcase name="TC010_XoamathangthuocloaiDVBH" time="42.764" classname="org.selenium.automationtest.testsuite.TS_QuanlyGoiSP_DichVuBanHang"/>
  <testcase name="TC015_XoaMHThuocDVBH" time="43.996" classname="org.selenium.automationtest.testsuite.TS_QuanlyGoiSP_DichVuBanHang"/>
  <testcase name="TC007_ThemDVBH" time="36.220" classname="org.selenium.automationtest.testsuite.TS_QuanlyGoiSP_DichVuBanHang"/>
  <testcase name="TC009_ThemLoaiMHthuocDVBH" time="35.742" classname="org.selenium.automationtest.testsuite.TS_QuanlyGoiSP_DichVuBanHang"/>
  <testcase name="TC016_ExportDanhSachMHTheoMaDVBH" time="36.110" classname="org.selenium.automationtest.testsuite.TS_QuanlyGoiSP_DichVuBanHang"/>
  <testcase name="TC013_ThemMHthuocDVBH" time="36.954" classname="org.selenium.automationtest.testsuite.TS_QuanlyGoiSP_DichVuBanHang"/>
  <testcase name="TC011_ThemPhiDVBH" time="35.518" classname="org.selenium.automationtest.testsuite.TS_QuanlyGoiSP_DichVuBanHang"/>
  <testcase name="TC018_CauHinhBoPhiLenGiaoDichChoDVBH" time="44.406" classname="org.selenium.automationtest.testsuite.TS_QuanlyGoiSP_DichVuBanHang"/>
  <testcase name="TC002_ThemmoiDVBH_MathangchoDVBH_PhiDVBH" time="85.599" classname="org.selenium.automationtest.testsuite.TS_QuanlyGoiSP_DichVuBanHang"/>
  <testcase name="TC004_XoaDVBH" time="38.038" classname="org.selenium.automationtest.testsuite.TS_QuanlyGoiSP_DichVuBanHang"/>
  <testcase name="TC006_SuaDVBH_SuaPhiDVBH" time="80.858" classname="org.selenium.automationtest.testsuite.TS_QuanlyGoiSP_DichVuBanHang"/>
  <testcase name="TC019_KhaiBaoThuocTinhDVBH" time="36.429" classname="org.selenium.automationtest.testsuite.TS_QuanlyGoiSP_DichVuBanHang"/>
  <testcase name="TC014_CapnhatMHthuocDVBH" time="36.520" classname="org.selenium.automationtest.testsuite.TS_QuanlyGoiSP_DichVuBanHang"/>
  <testcase name="TC017_OnOffEditBanKhaiPhiDVBHTheoIDPhiDVBH" time="39.107" classname="org.selenium.automationtest.testsuite.TS_QuanlyGoiSP_DichVuBanHang"/>
  <testcase name="TC020_XuatThuocTinhDVBH" time="36.716" classname="org.selenium.automationtest.testsuite.TS_QuanlyGoiSP_DichVuBanHang"/>
  <testcase name="TC008_CapnhatDVBH" time="37.848" classname="org.selenium.automationtest.testsuite.TS_QuanlyGoiSP_DichVuBanHang"/>
  <testcase name="TC012_CapnhatPhiDVBH" time="35.998" classname="org.selenium.automationtest.testsuite.TS_QuanlyGoiSP_DichVuBanHang"/>
  <testcase name="TC001_ThemmoiDVBH_DSthuoctinh" time="49.446" classname="org.selenium.automationtest.testsuite.TS_QuanlyGoiSP_DichVuBanHang"/>
</testsuite> <!-- org.selenium.automationtest.testsuite.TS_QuanlyGoiSP_DichVuBanHang -->
