<?xml version="1.0" encoding="UTF-8"?>
<!-- Generated by org.testng.reporters.JUnitReportReporter -->
<testsuite hostname="vtt-cntt-l-77-HP-ProDesk-400-G5-MT-IDS-APJ" name="org.selenium.automationtest.testsuite.TS_BanHang_BanHangNoiBo" tests="4" failures="0" timestamp="19 Dec 2019 05:10:05 GMT" time="154.666" errors="0">
  <testcase name="TC_001_BanHangNB_KhongCTBH_SIM" time="34.542" classname="org.selenium.automationtest.testsuite.TS_BanHang_BanHangNoiBo"/>
  <testcase name="TC_002_BanHangNB_KhongCTBH_HANDSET" time="34.702" classname="org.selenium.automationtest.testsuite.TS_BanHang_BanHangNoiBo"/>
  <testcase name="TC_004_BanHangNB_KhongCTBH_ALL" time="47.719" classname="org.selenium.automationtest.testsuite.TS_BanHang_BanHangNoiBo"/>
  <testcase name="TC_003_BanHangNB_KhongCTBH_CARD" time="37.703" classname="org.selenium.automationtest.testsuite.TS_BanHang_BanHangNoiBo"/>
</testsuite> <!-- org.selenium.automationtest.testsuite.TS_BanHang_BanHangNoiBo -->
