<?xml version="1.0" encoding="UTF-8"?>
<!-- Generated by org.testng.reporters.JUnitReportReporter -->
<testsuite hostname="trangnth1" failures="0" tests="1" name="automation.testsuite.TrangNguyen.PracticeLocateElement" time="5.336" errors="0" timestamp="16 Jun 2023 07:44:32 GMT">
  <testcase classname="automation.testsuite.TrangNguyen.PracticeLocateElement" name="Testcase_Demo" time="5.336"/>
</testsuite> <!-- automation.testsuite.TrangNguyen.PracticeLocateElement -->
