<?xml version="1.0" encoding="UTF-8"?>
<!-- Generated by org.testng.reporters.JUnitReportReporter -->
<testsuite hostname="Admin-PC" failures="0" tests="2" name="automation.testsuite.PracticeDay12" time="5.136" errors="0" timestamp="2023-06-29T21:33:05 GMT+07:00" skipped="0">
  <testcase classname="automation.testsuite.PracticeDay12" name="isRadioButtonSelected" time="2.662"/>
  <system-out/>
  <testcase classname="automation.testsuite.PracticeDay12" name="selectDropdownlist" time="2.474"/>
  <system-out/>
</testsuite> <!-- automation.testsuite.PracticeDay12 -->
