<?xml version="1.0" encoding="UTF-8"?>
<!-- Generated by org.testng.reporters.JUnitReportReporter -->
<testsuite hostname="vtt-cntt-l-77-HP-ProDesk-400-G5-MT-IDS-APJ" name="org.selenium.automationtest.testsuite.TS_IM_QLK_XKDoiTac_NhapKhoTuDoiTacChoChiNhanh" tests="1" failures="0" timestamp="6 Nov 2019 08:29:10 GMT" time="220.606" errors="0">
  <testcase name="TC_000_ChuanBiDL" time="220.606" classname="org.selenium.automationtest.testsuite.TS_IM_QLK_XKDoiTac_NhapKhoTuDoiTacChoChiNhanh"/>
</testsuite> <!-- org.selenium.automationtest.testsuite.TS_IM_QLK_XKDoiTac_NhapKhoTuDoiTacChoChiNhanh -->
