<?xml version="1.0" encoding="UTF-8"?>
<!-- Generated by org.testng.reporters.JUnitReportReporter -->
<testsuite hostname="DESKTOP-CKL4MAL" failures="0" tests="1" name="automation.testsuite.NganNguyen.TS_Test" time="15.303" errors="0" timestamp="11 Jun 2023 14:24:42 GMT">
  <testcase classname="automation.testsuite.NganNguyen.TS_Test" name="Epic1_Story1_SignInPage" time="15.303"/>
</testsuite> <!-- automation.testsuite.NganNguyen.TS_Test -->
