<?xml version="1.0" encoding="UTF-8"?>
<!-- Generated by org.testng.reporters.JUnitReportReporter -->
<testsuite hostname="vtt-cntt-l-77-HP-ProDesk-400-G5-MT-IDS-APJ" name="org.selenium.automationtest.testsuite.TS_CM_QLYC_CoDinh" tests="1" failures="0" timestamp="18 Oct 2019 07:21:12 GMT" time="62.860" errors="0">
  <testcase name="TC_006_HuyYeuCauDoiCongNghe_FTTH_DaDauTongDai" time="62.860" classname="org.selenium.automationtest.testsuite.TS_CM_QLYC_CoDinh"/>
</testsuite> <!-- org.selenium.automationtest.testsuite.TS_CM_QLYC_CoDinh -->
