<?xml version="1.0" encoding="UTF-8"?>
<!-- Generated by org.testng.reporters.JUnitReportReporter -->
<testsuite hostname="vtt-cntt-l-77-HP-ProDesk-400-G5-MT-IDS-APJ" name="org.selenium.automationtest.testsuite.TS_Product_DichVuGTGT" tests="4" failures="0" timestamp="20 Aug 2019 08:41:28 GMT" time="275.787" errors="0">
  <testcase name="TC_001_ThemMoiDichVuGTGT" time="62.031" classname="org.selenium.automationtest.testsuite.TS_Product_DichVuGTGT"/>
  <testcase name="TC_002_SuaDoiDichVuGTGT" time="87.286" classname="org.selenium.automationtest.testsuite.TS_Product_DichVuGTGT"/>
  <testcase name="TC_004_XoaDichVuGTGT" time="58.320" classname="org.selenium.automationtest.testsuite.TS_Product_DichVuGTGT"/>
  <testcase name="TC_003_SaoChepDichVuGTGT" time="68.150" classname="org.selenium.automationtest.testsuite.TS_Product_DichVuGTGT"/>
</testsuite> <!-- org.selenium.automationtest.testsuite.TS_Product_DichVuGTGT -->
