<?xml version="1.0" encoding="UTF-8"?>
<!-- Generated by org.testng.reporters.JUnitReportReporter -->
<testsuite hostname="MSI" failures="0" tests="1" name="automation.testsuite.TrangNguyen.TS_Test" time="16.645" errors="0" timestamp="11 Jun 2023 14:24:10 GMT">
  <testcase classname="automation.testsuite.TrangNguyen.TS_Test" name="Epic1_Story1_SignInPage" time="16.645"/>
</testsuite> <!-- automation.testsuite.TrangNguyen.TS_Test -->
