<?xml version="1.0" encoding="UTF-8"?>
<!-- Generated by org.testng.reporters.JUnitReportReporter -->
<testsuite hostname="vtt-cntt-l-77-HP-ProDesk-400-G5-MT-IDS-APJ" name="org.selenium.automationtest.testsuite.TS_IM_QKL_KiemKe_Thuy" tests="1" failures="0" timestamp="5 Dec 2019 10:37:46 GMT" time="47.940" errors="0">
  <testcase name="QLK_KIEMKE_KIEMKHOHANGTHUCTE_CARD_CHOT_006" time="47.940" classname="org.selenium.automationtest.testsuite.TS_IM_QKL_KiemKe_Thuy"/>
</testsuite> <!-- org.selenium.automationtest.testsuite.TS_IM_QKL_KiemKe_Thuy -->
