<?xml version="1.0" encoding="UTF-8"?>
<!-- Generated by org.testng.reporters.JUnitReportReporter -->
<testsuite hostname="Admin-PC" failures="0" tests="1" name="automation.testsuite.TS_PracticeLocateElement" time="7.531" errors="0" timestamp="2023-06-25T18:35:10 GMT+07:00" skipped="0">
  <testcase classname="automation.testsuite.TS_PracticeLocateElement" name="multiCheckbox" time="7.531"/>
  <system-out/>
</testsuite> <!-- automation.testsuite.TS_PracticeLocateElement -->
