<?xml version="1.0" encoding="UTF-8"?>
<!-- Generated by org.testng.reporters.JUnitReportReporter -->
<testsuite hostname="vtt-cntt-l-77-HP-ProDesk-400-G5-MT-IDS-APJ" name="org.selenium.automationtest.testsuite.TS_IM_QLK_Tienich_Tracuukho" tests="2" failures="0" timestamp="19 Dec 2019 05:49:58 GMT" time="207.509" errors="0">
  <testcase name="QLKHO_TIENICH_TRACUUKHO_002" time="110.712" classname="org.selenium.automationtest.testsuite.TS_IM_QLK_Tienich_Tracuukho"/>
  <testcase name="QLKHO_TIENICH_TRACUUKHO_001" time="96.797" classname="org.selenium.automationtest.testsuite.TS_IM_QLK_Tienich_Tracuukho"/>
</testsuite> <!-- org.selenium.automationtest.testsuite.TS_IM_QLK_Tienich_Tracuukho -->
