<?xml version="1.0" encoding="UTF-8"?>
<!-- Generated by org.testng.reporters.JUnitReportReporter -->
<testsuite hostname="vtt-cntt-l-77-HP-ProDesk-400-G5-MT-IDS-APJ" name="org.selenium.automationtest.testsuite.TS_BanHang_QLCongNo_LapycTC_Thuy" tests="1" failures="0" timestamp="22 Nov 2019 06:55:56 GMT" time="27.649" errors="0">
  <testcase name="QLBH_QLCN_LapYC_Tichduyet_TC" time="27.649" classname="org.selenium.automationtest.testsuite.TS_BanHang_QLCongNo_LapycTC_Thuy"/>
</testsuite> <!-- org.selenium.automationtest.testsuite.TS_BanHang_QLCongNo_LapycTC_Thuy -->
