<?xml version="1.0" encoding="UTF-8"?>
<!-- Generated by org.testng.reporters.JUnitReportReporter -->
<testsuite hostname="vtt-cntt-l-77-HP-ProDesk-400-G5-MT-IDS-APJ" name="org.selenium.automationtest.testsuite.TS_PRODUCT_DinhNghiaMappingfinal" tests="3" failures="0" timestamp="16 Aug 2019 10:25:04 GMT" time="252.203" errors="0">
  <testcase name="TC_002_SuaDinhnghiaMapping" time="95.336" classname="org.selenium.automationtest.testsuite.TS_PRODUCT_DinhNghiaMappingfinal"/>
  <testcase name="TC_001_ThemMoiDinhnghia" time="68.130" classname="org.selenium.automationtest.testsuite.TS_PRODUCT_DinhNghiaMappingfinal"/>
  <testcase name="TC_003_XoaDinhnghiaMapping" time="88.737" classname="org.selenium.automationtest.testsuite.TS_PRODUCT_DinhNghiaMappingfinal"/>
</testsuite> <!-- org.selenium.automationtest.testsuite.TS_PRODUCT_DinhNghiaMappingfinal -->
