<?xml version="1.0" encoding="UTF-8"?>
<!-- Generated by org.testng.reporters.JUnitReportReporter -->
<testsuite hostname="vtt-cntt-l-77-HP-ProDesk-400-G5-MT-IDS-APJ" name="org.selenium.automationtest.testsuite.TS_IM_QLCN_DuyetYeuCauTichDuyetTaiChinh_Quynh" tests="7" failures="0" timestamp="27 Nov 2019 12:38:41 GMT" time="159.389" errors="0">
  <testcase name="TC_003_DuyetYeuCauTichDuyetTaiChinh_CTV_ThuCuoc" time="27.706" classname="org.selenium.automationtest.testsuite.TS_IM_QLCN_DuyetYeuCauTichDuyetTaiChinh_Quynh"/>
  <testcase name="TC_000_DuyetYeuCauTichDuyetTaiChinh_ChuanBiDL" time="7.831" classname="org.selenium.automationtest.testsuite.TS_IM_QLCN_DuyetYeuCauTichDuyetTaiChinh_Quynh"/>
  <testcase name="TC_005_DuyetYeuCauTichDuyetTaiChinh_TuChoi" time="31.394" classname="org.selenium.automationtest.testsuite.TS_IM_QLCN_DuyetYeuCauTichDuyetTaiChinh_Quynh"/>
  <testcase name="TC_001_DuyetYeuCauTichDuyetTaiChinh_TimKiem_XemChiTiet" time="16.010" classname="org.selenium.automationtest.testsuite.TS_IM_QLCN_DuyetYeuCauTichDuyetTaiChinh_Quynh"/>
  <testcase name="TC_006_DuyetYeuCauTichDuyetTaiChinh_NhanVien_THuChiDatCoc" time="23.677" classname="org.selenium.automationtest.testsuite.TS_IM_QLCN_DuyetYeuCauTichDuyetTaiChinh_Quynh"/>
  <testcase name="TC_004_DuyetYeuCauTichDuyetTaiChinh_DL_CDT" time="22.258" classname="org.selenium.automationtest.testsuite.TS_IM_QLCN_DuyetYeuCauTichDuyetTaiChinh_Quynh"/>
  <testcase name="TC_002_DuyetYeuCauTichDuyetTaiChinh_NhanVien_BanHang" time="30.513" classname="org.selenium.automationtest.testsuite.TS_IM_QLCN_DuyetYeuCauTichDuyetTaiChinh_Quynh"/>
</testsuite> <!-- org.selenium.automationtest.testsuite.TS_IM_QLCN_DuyetYeuCauTichDuyetTaiChinh_Quynh -->
