<?xml version="1.0" encoding="UTF-8"?>
<!-- Generated by org.testng.reporters.JUnitReportReporter -->
<testsuite hostname="DESKTOP-90CRJC4" failures="0" tests="1" name="automation.testsuite.ThoaLe.TS_PracticeLocateElement" time="10.240" errors="0" timestamp="2023-06-21T04:20:58 ICT" skipped="0">
  <testcase classname="automation.testsuite.ThoaLe.TS_PracticeLocateElement" name="Demo_Testcase" time="10.240"/>
  <system-out/>
</testsuite> <!-- automation.testsuite.ThoaLe.TS_PracticeLocateElement -->
