<?xml version="1.0" encoding="UTF-8"?>
<!-- Generated by org.testng.reporters.JUnitReportReporter -->
<testsuite hostname="thuongnt" failures="0" tests="1" name="automation.testsuite.TS_EpicLogin1" time="4.748" errors="0" timestamp="15 Feb 2022 03:42:08 GMT">
  <testcase classname="automation.testsuite.TS_EpicLogin1" name="CA_1_Login_3" time="4.748"/>
</testsuite> <!-- automation.testsuite.TS_EpicLogin1 -->
