<?xml version="1.0" encoding="UTF-8"?>
<!-- Generated by org.testng.reporters.JUnitReportReporter -->
<testsuite hostname="MSI" failures="0" tests="1" name="automation.testsuite.TrangNguyen.buoi10" time="4.860" errors="0" timestamp="22 Jun 2023 12:40:15 GMT">
  <testcase classname="automation.testsuite.TrangNguyen.buoi10" name="Demo_Testcase" time="4.860"/>
</testsuite> <!-- automation.testsuite.TrangNguyen.buoi10 -->
