<?xml version="1.0" encoding="UTF-8"?>
<!-- Generated by org.testng.reporters.JUnitReportReporter -->
<testsuite hostname="vtt-cntt-l-77-HP-ProDesk-400-G5-MT-IDS-APJ" name="org.selenium.automationtest.testsuite.TS_BanHang_BanHangNoiBo_Mai" tests="4" failures="0" timestamp="27 Nov 2019 12:38:41 GMT" time="152.684" errors="0">
  <testcase name="TC_002_BanHangNB_KhongCTBH_HANDSET" time="37.213" classname="org.selenium.automationtest.testsuite.TS_BanHang_BanHangNoiBo_Mai"/>
  <testcase name="TC_004_BanHangNB_KhongCTBH_ALL" time="43.969" classname="org.selenium.automationtest.testsuite.TS_BanHang_BanHangNoiBo_Mai"/>
  <testcase name="TC_001_BanHangNB_KhongCTBH_SIM" time="32.835" classname="org.selenium.automationtest.testsuite.TS_BanHang_BanHangNoiBo_Mai"/>
  <testcase name="TC_003_BanHangNB_KhongCTBH_CARD" time="38.667" classname="org.selenium.automationtest.testsuite.TS_BanHang_BanHangNoiBo_Mai"/>
</testsuite> <!-- org.selenium.automationtest.testsuite.TS_BanHang_BanHangNoiBo_Mai -->
