<?xml version="1.0" encoding="UTF-8"?>
<!-- Generated by org.testng.reporters.JUnitReportReporter -->
<testsuite hostname="DESKTOP-SM1DNJ1" failures="0" tests="1" name="automation.testsuite.AnTran.TS_PracticeLocateElement" time="5.437" errors="0" timestamp="18 Jun 2023 13:16:44 GMT">
  <testcase classname="automation.testsuite.AnTran.TS_PracticeLocateElement" name="Demo_TestCase" time="5.437"/>
</testsuite> <!-- automation.testsuite.AnTran.TS_PracticeLocateElement -->
