<?xml version="1.0" encoding="UTF-8"?>
<!-- Generated by org.testng.reporters.JUnitReportReporter -->
<testsuite hostname="DESKTOP-2UNV4UU" name="org.selenium.automationtest.testsuite.TS_TTTS" tests="1" failures="0" timestamp="20 Jun 2019 08:11:44 GMT" time="40.172" errors="0">
  <testcase name="test" time="40.172" classname="org.selenium.automationtest.testsuite.TS_TTTS"/>
</testsuite> <!-- org.selenium.automationtest.testsuite.TS_TTTS -->
