<?xml version="1.0" encoding="UTF-8"?>
<!-- Generated by org.testng.reporters.JUnitReportReporter -->
<testsuite hostname="Admin-PC" failures="0" tests="1" name="automation.testsuite.beptu" time="17.497" errors="0" timestamp="12 Jun 2023 13:26:12 GMT">
  <testcase classname="automation.testsuite.beptu" name="hienThiDanhSachBepTuTheoMucGia" time="17.497"/>
</testsuite> <!-- automation.testsuite.beptu -->
