<?xml version="1.0" encoding="UTF-8"?>
<!-- Generated by org.testng.reporters.JUnitReportReporter -->
<testsuite hostname="Admin-PC" failures="0" tests="1" name="automation.testsuite.TS_EpicLogin_Partner" time="22.513" errors="0" timestamp="9 Jun 2023 14:41:23 GMT">
  <testcase classname="automation.testsuite.TS_EpicLogin_Partner" name="CA_1_Login_2" time="22.513"/>
</testsuite> <!-- automation.testsuite.TS_EpicLogin_Partner -->
