<?xml version="1.0" encoding="UTF-8"?>
<!-- Generated by org.testng.reporters.JUnitReportReporter -->
<testsuite hostname="vtt-cntt-l-77-HP-ProDesk-400-G5-MT-IDS-APJ" name="org.selenium.automationtest.testsuite.TS_IM_QLK_XKDoiTac_LapYeuCauNhapKhoChiNhanh_Thuy" tests="6" failures="0" timestamp="22 Nov 2019 07:11:52 GMT" time="187.331" errors="0">
  <testcase name="TC_002_LapYCNhapKhoChiNhanh_HangNhapMoi_HangHong_GPDN_TCT" time="47.844" classname="org.selenium.automationtest.testsuite.TS_IM_QLK_XKDoiTac_LapYeuCauNhapKhoChiNhanh_Thuy"/>
  <testcase name="TC_004_LapYCNhapKhoChiNhanh_HangThuHoiDat_GPDN_TCT" time="23.816" classname="org.selenium.automationtest.testsuite.TS_IM_QLK_XKDoiTac_LapYeuCauNhapKhoChiNhanh_Thuy"/>
  <testcase name="TC_000_ChuanBiDL" time="8.279" classname="org.selenium.automationtest.testsuite.TS_IM_QLK_XKDoiTac_LapYeuCauNhapKhoChiNhanh_Thuy"/>
  <testcase name="TC_001_LapYCNhapKhoChiNhanh_HangNhapMoi_HangMoi_VT" time="49.201" classname="org.selenium.automationtest.testsuite.TS_IM_QLK_XKDoiTac_LapYeuCauNhapKhoChiNhanh_Thuy"/>
  <testcase name="TC_003_LapYCNhapKhoChiNhanh_HangThuHoi_VT" time="33.706" classname="org.selenium.automationtest.testsuite.TS_IM_QLK_XKDoiTac_LapYeuCauNhapKhoChiNhanh_Thuy"/>
  <testcase name="TC_005_LapYCNhapKhoChiNhanh_HangThuHoiDatThanMay_VT" time="24.485" classname="org.selenium.automationtest.testsuite.TS_IM_QLK_XKDoiTac_LapYeuCauNhapKhoChiNhanh_Thuy"/>
</testsuite> <!-- org.selenium.automationtest.testsuite.TS_IM_QLK_XKDoiTac_LapYeuCauNhapKhoChiNhanh_Thuy -->
