<?xml version="1.0" encoding="UTF-8"?>
<!-- Generated by org.testng.reporters.JUnitReportReporter -->
<testsuite hostname="DESKTOP-SM1DNJ1" failures="0" tests="1" name="automation.testsuite.AnTran.TS_Test" time="12.899" errors="0" timestamp="11 Jun 2023 14:28:02 GMT">
  <testcase classname="automation.testsuite.AnTran.TS_Test" name="Epic1_Story1_SignInPage" time="12.899"/>
</testsuite> <!-- automation.testsuite.AnTran.TS_Test -->
