<?xml version="1.0" encoding="UTF-8"?>
<!-- Generated by org.testng.reporters.JUnitReportReporter -->
<testsuite hostname="TranThiHoan" name="org.selenium.automationtest.testsuite.TS_BanHang_BanHangKM" tests="1" failures="0" timestamp="8 Feb 2022 07:36:41 GMT" time="5.081" errors="0">
  <testcase name="Epic1_Story1_SignInPage" time="5.081" classname="org.selenium.automationtest.testsuite.TS_BanHang_BanHangKM"/>
</testsuite> <!-- org.selenium.automationtest.testsuite.TS_BanHang_BanHangKM -->
