<?xml version="1.0" encoding="UTF-8"?>
<!-- Generated by org.testng.reporters.JUnitReportReporter -->
<testsuite hostname="MSI" failures="0" tests="1" name="automation.testsuite.TrangNguyen.LocateElementMayHutMui" time="5.434" errors="0" timestamp="18 Jun 2023 14:33:23 GMT">
  <testcase classname="automation.testsuite.TrangNguyen.LocateElementMayHutMui" name="Demo_Testcase" time="5.434"/>
</testsuite> <!-- automation.testsuite.TrangNguyen.LocateElementMayHutMui -->
