<?xml version="1.0" encoding="UTF-8"?>
<!-- Generated by org.testng.reporters.JUnitReportReporter -->
<testsuite hostname="HP-96" failures="0" tests="1" name="automation.testsuite.LyTran.TS_Test" time="43.946" errors="0" timestamp="11 Jun 2023 14:27:52 GMT">
  <testcase classname="automation.testsuite.LyTran.TS_Test" name="Epic1_Story1_SignInPage" time="43.946"/>
</testsuite> <!-- automation.testsuite.LyTran.TS_Test -->
