<?xml version="1.0" encoding="UTF-8"?>
<!-- Generated by org.testng.reporters.JUnitReportReporter -->
<testsuite hostname="vtt-cntt-l-77-HP-ProDesk-400-G5-MT-IDS-APJ" name="org.selenium.automationtest.testsuite.TS_BanHang_QLCongNo_TichUNC" tests="2" failures="0" timestamp="15 Nov 2019 03:11:56 GMT" time="52.608" errors="0">
  <testcase name="QLBH_QLCN_TICHDUYET_UCN_001" time="27.464" classname="org.selenium.automationtest.testsuite.TS_BanHang_QLCongNo_TichUNC"/>
  <testcase name="QLBH_QLCN_TICHDUYET_UCN_002" time="25.144" classname="org.selenium.automationtest.testsuite.TS_BanHang_QLCongNo_TichUNC"/>
</testsuite> <!-- org.selenium.automationtest.testsuite.TS_BanHang_QLCongNo_TichUNC -->
