<?xml version="1.0" encoding="UTF-8"?>
<!-- Generated by org.testng.reporters.JUnitReportReporter -->
<testsuite hostname="vtt-cntt-l-77-HP-ProDesk-400-G5-MT-IDS-APJ" name="org.selenium.automationtest.testsuite.TS_QLK_XNDL_NhapKhoTuDL_Qbui" tests="5" failures="0" timestamp="22 Nov 2019 06:36:24 GMT" time="182.669" errors="0">
  <testcase name="TC_004_NhapKhoTuDL_HangHong" time="48.591" classname="org.selenium.automationtest.testsuite.TS_QLK_XNDL_NhapKhoTuDL_Qbui"/>
  <testcase name="TC_002_NhapKhoTuDL_HuyPhieu" time="17.024" classname="org.selenium.automationtest.testsuite.TS_QLK_XNDL_NhapKhoTuDL_Qbui"/>
  <testcase name="TC_001_NhapKhoTuDL_TimKiem_XemChiTiet" time="12.888" classname="org.selenium.automationtest.testsuite.TS_QLK_XNDL_NhapKhoTuDL_Qbui"/>
  <testcase name="TC_005_NhapKhoTuDL_HangThuHoi" time="43.838" classname="org.selenium.automationtest.testsuite.TS_QLK_XNDL_NhapKhoTuDL_Qbui"/>
  <testcase name="TC_003_NhapKhoTuDL_HangMoi" time="60.328" classname="org.selenium.automationtest.testsuite.TS_QLK_XNDL_NhapKhoTuDL_Qbui"/>
</testsuite> <!-- org.selenium.automationtest.testsuite.TS_QLK_XNDL_NhapKhoTuDL_Qbui -->
