<?xml version="1.0" encoding="UTF-8"?>
<!-- Generated by org.testng.reporters.JUnitReportReporter -->
<testsuite hostname="vtt-cntt-l-77-HP-ProDesk-400-G5-MT-IDS-APJ" name="org.selenium.automationtest.testsuite.TS_IM_BanHang_Banphat_Mai" tests="4" failures="0" timestamp="6 Dec 2019 03:37:50 GMT" time="177.217" errors="0">
  <testcase name="TC_004_BanPhat_ALLMH" time="48.860" classname="org.selenium.automationtest.testsuite.TS_IM_BanHang_Banphat_Mai"/>
  <testcase name="TC_001_BanPhat_SIM" time="41.549" classname="org.selenium.automationtest.testsuite.TS_IM_BanHang_Banphat_Mai"/>
  <testcase name="TC_002_BanPhat_HANDSET" time="44.260" classname="org.selenium.automationtest.testsuite.TS_IM_BanHang_Banphat_Mai"/>
  <testcase name="TC_003_BanPhat_CARD" time="42.548" classname="org.selenium.automationtest.testsuite.TS_IM_BanHang_Banphat_Mai"/>
</testsuite> <!-- org.selenium.automationtest.testsuite.TS_IM_BanHang_Banphat_Mai -->
