<?xml version="1.0" encoding="UTF-8"?>
<!-- Generated by org.testng.reporters.JUnitReportReporter -->
<testsuite hostname="vtt-cntt-l-77-HP-ProDesk-400-G5-MT-IDS-APJ" name="org.selenium.automationtest.testsuite.TS_Product_GoiSanPham_GoiHang" tests="6" failures="0" timestamp="30 Sep 2019 11:22:28 GMT" time="269.053" errors="0">
  <testcase name="TC_002_SuaMHTrongGoiHang" time="47.852" classname="org.selenium.automationtest.testsuite.TS_Product_GoiSanPham_GoiHang"/>
  <testcase name="TC_006_XoaGoiHang" time="40.687" classname="org.selenium.automationtest.testsuite.TS_Product_GoiSanPham_GoiHang"/>
  <testcase name="TC_005_SuaNgayHetHanGoiHang" time="44.180" classname="org.selenium.automationtest.testsuite.TS_Product_GoiSanPham_GoiHang"/>
  <testcase name="TC_001_ThemGoiHang" time="66.168" classname="org.selenium.automationtest.testsuite.TS_Product_GoiSanPham_GoiHang"/>
  <testcase name="TC_003_ThemMHVaoGoiHang" time="48.373" classname="org.selenium.automationtest.testsuite.TS_Product_GoiSanPham_GoiHang"/>
  <testcase name="TC_004_XoaMHTrongGoiHang" time="21.793" classname="org.selenium.automationtest.testsuite.TS_Product_GoiSanPham_GoiHang"/>
</testsuite> <!-- org.selenium.automationtest.testsuite.TS_Product_GoiSanPham_GoiHang -->
