<?xml version="1.0" encoding="UTF-8"?>
<!-- Generated by org.testng.reporters.JUnitReportReporter -->
<testsuite hostname="vtt-cntt-l-77-HP-ProDesk-400-G5-MT-IDS-APJ" name="org.selenium.automationtest.testsuite.GBOC_Giaochitieu" tests="1" failures="0" timestamp="11 Oct 2019 08:00:47 GMT" time="24.724" errors="0">
  <testcase name="TC_001_Giaochitieu_Timkiem_Chinhapbatbuoc" time="24.724" classname="org.selenium.automationtest.testsuite.GBOC_Giaochitieu"/>
</testsuite> <!-- org.selenium.automationtest.testsuite.GBOC_Giaochitieu -->
