<?xml version="1.0" encoding="UTF-8"?>
<!-- Generated by org.testng.reporters.JUnitReportReporter -->
<testsuite hostname="vtt-cntt-l-77-HP-ProDesk-400-G5-MT-IDS-APJ" name="org.selenium.automationtest.testsuite.TS_IM_QLK_CanKho_NhapHangCanKho" tests="6" failures="0" timestamp="16 Dec 2019 12:47:45 GMT" time="149.728" errors="0">
  <testcase name="TC003_NhapHangCankho_Kit_TheoDai" time="28.001" classname="org.selenium.automationtest.testsuite.TS_IM_QLK_CanKho_NhapHangCanKho"/>
  <testcase name="TC000_ChuanBiDL" time="7.798" classname="org.selenium.automationtest.testsuite.TS_IM_QLK_CanKho_NhapHangCanKho"/>
  <testcase name="TC004_NhapHangCankho_TheCao_TheoDai" time="31.029" classname="org.selenium.automationtest.testsuite.TS_IM_QLK_CanKho_NhapHangCanKho"/>
  <testcase name="TC001_NhapHangCankho_DienThoai_TheoFile_NhanVien" time="28.428" classname="org.selenium.automationtest.testsuite.TS_IM_QLK_CanKho_NhapHangCanKho"/>
  <testcase name="TC002_NhapHangCankho_Sim_TheoDai" time="30.669" classname="org.selenium.automationtest.testsuite.TS_IM_QLK_CanKho_NhapHangCanKho"/>
  <testcase name="TC005_NhapHangCankho_NoSerial_TheoSoLuong" time="23.803" classname="org.selenium.automationtest.testsuite.TS_IM_QLK_CanKho_NhapHangCanKho"/>
</testsuite> <!-- org.selenium.automationtest.testsuite.TS_IM_QLK_CanKho_NhapHangCanKho -->
