<?xml version="1.0" encoding="UTF-8"?>
<!-- Generated by org.testng.reporters.JUnitReportReporter -->
<testsuite hostname="vtt-cntt-l-77-HP-ProDesk-400-G5-MT-IDS-APJ" name="org.selenium.automationtest.testsuite.TS_IM_QKL_Cankho_Xulykhohang" tests="4" failures="0" timestamp="16 Dec 2019 12:47:45 GMT" time="129.873" errors="0">
  <testcase name="TC002_QLKho_Cankho_Xulykhohang_donle_Nhanvien" time="47.494" classname="org.selenium.automationtest.testsuite.TS_IM_QKL_Cankho_Xulykhohang"/>
  <testcase name="TC001_QLKho_Cankho_Xulykhohang_donle_donvi" time="43.684" classname="org.selenium.automationtest.testsuite.TS_IM_QKL_Cankho_Xulykhohang"/>
  <testcase name="TC003_QLKho_Cankho_Xulykhohang_theofile" time="24.857" classname="org.selenium.automationtest.testsuite.TS_IM_QKL_Cankho_Xulykhohang"/>
  <testcase name="TC000_QLKho_Cankho" time="13.838" classname="org.selenium.automationtest.testsuite.TS_IM_QKL_Cankho_Xulykhohang"/>
</testsuite> <!-- org.selenium.automationtest.testsuite.TS_IM_QKL_Cankho_Xulykhohang -->
