<?xml version="1.0" encoding="UTF-8"?>
<!-- Generated by org.testng.reporters.JUnitReportReporter -->
<testsuite hostname="vtt-cntt-l-77-HP-ProDesk-400-G5-MT-IDS-APJ" name="org.selenium.automationtest.testsuite.TS_IM_QKL_KiemKe" tests="1" failures="0" timestamp="19 Dec 2019 07:47:32 GMT" time="38.075" errors="0">
  <testcase name="QLK_KIEMKE_KIEMKHOHANGTHUCTE_KIT_0011_DV" time="38.075" classname="org.selenium.automationtest.testsuite.TS_IM_QKL_KiemKe"/>
</testsuite> <!-- org.selenium.automationtest.testsuite.TS_IM_QKL_KiemKe -->
