<?xml version="1.0" encoding="UTF-8"?>
<!-- Generated by org.testng.reporters.JUnitReportReporter -->
<testsuite hostname="vtt-cntt-l-77-HP-ProDesk-400-G5-MT-IDS-APJ" name="org.selenium.automationtest.testsuite.TS_IM_QLK_Nhap_hang_tu_doitac" tests="6" failures="0" timestamp="18 Dec 2019 12:24:07 GMT" time="434.175" errors="0">
  <testcase name="TC_002_QLKHO_NHAPHANG_DOITAC_SIM" time="58.708" classname="org.selenium.automationtest.testsuite.TS_IM_QLK_Nhap_hang_tu_doitac"/>
  <testcase name="TC_000_ChuanBiDL" time="8.850" classname="org.selenium.automationtest.testsuite.TS_IM_QLK_Nhap_hang_tu_doitac"/>
  <testcase name="TC_004_QLKHO_NHAPHANG_DOITAC_THECAO" time="118.139" classname="org.selenium.automationtest.testsuite.TS_IM_QLK_Nhap_hang_tu_doitac"/>
  <testcase name="TC_005_QLKHO_NHAPHANG_DOITAC_NAPTHEODAI" time="116.332" classname="org.selenium.automationtest.testsuite.TS_IM_QLK_Nhap_hang_tu_doitac"/>
  <testcase name="TC_001_QLKHO_NHAPHANG_DOITAC_HANDSET" time="64.002" classname="org.selenium.automationtest.testsuite.TS_IM_QLK_Nhap_hang_tu_doitac"/>
  <testcase name="TC_003_QLKHO_NHAPHANG_DOITAC_KIT" time="68.144" classname="org.selenium.automationtest.testsuite.TS_IM_QLK_Nhap_hang_tu_doitac"/>
</testsuite> <!-- org.selenium.automationtest.testsuite.TS_IM_QLK_Nhap_hang_tu_doitac -->
