<?xml version="1.0" encoding="UTF-8"?>
<!-- Generated by org.testng.reporters.JUnitReportReporter -->
<testsuite hostname="vtt-cntt-l-77-HP-ProDesk-400-G5-MT-IDS-APJ" name="org.selenium.automationtest.testsuite.TS_IM_QLK_CanKho_XuatHangCanKho" tests="6" failures="0" timestamp="19 Dec 2019 07:34:16 GMT" time="188.374" errors="0">
  <testcase name="TC003_XuatHangCankho_Kit_TheoDai" time="91.199" classname="org.selenium.automationtest.testsuite.TS_IM_QLK_CanKho_XuatHangCanKho"/>
  <testcase name="TC000_ChuanBiDL" time="9.547" classname="org.selenium.automationtest.testsuite.TS_IM_QLK_CanKho_XuatHangCanKho"/>
  <testcase name="TC002_XuatHangCankho_Sim_TheoFile" time="23.189" classname="org.selenium.automationtest.testsuite.TS_IM_QLK_CanKho_XuatHangCanKho"/>
  <testcase name="TC005_XuatHangCankho_NoSerial_TheoSoLuong" time="18.591" classname="org.selenium.automationtest.testsuite.TS_IM_QLK_CanKho_XuatHangCanKho"/>
  <testcase name="TC004_XuatHangCankho_TheCao_TheoDai" time="22.425" classname="org.selenium.automationtest.testsuite.TS_IM_QLK_CanKho_XuatHangCanKho"/>
  <testcase name="TC001_XuatHangCankho_DienThoai_TheoFile_NhanVien" time="23.423" classname="org.selenium.automationtest.testsuite.TS_IM_QLK_CanKho_XuatHangCanKho"/>
</testsuite> <!-- org.selenium.automationtest.testsuite.TS_IM_QLK_CanKho_XuatHangCanKho -->
