<?xml version="1.0" encoding="UTF-8"?>
<!-- Generated by org.testng.reporters.JUnitReportReporter -->
<testsuite hostname="vtt-cntt-l-77-HP-ProDesk-400-G5-MT-IDS-APJ" name="org.selenium.automationtest.testsuite.TS_IM_QLK_XKDTCN_LapYeuCauNhapKhoChiNhanh" tests="6" failures="0" timestamp="16 Dec 2019 12:47:45 GMT" time="189.889" errors="0">
  <testcase name="TC_004_LapYCNhapKhoChiNhanh_HangThuHoiDat_GPDN_TCT" time="25.511" classname="org.selenium.automationtest.testsuite.TS_IM_QLK_XKDTCN_LapYeuCauNhapKhoChiNhanh"/>
  <testcase name="TC_002_LapYCNhapKhoChiNhanh_HangNhapMoi_HangHong_GPDN_TCT" time="45.596" classname="org.selenium.automationtest.testsuite.TS_IM_QLK_XKDTCN_LapYeuCauNhapKhoChiNhanh"/>
  <testcase name="TC_005_LapYCNhapKhoChiNhanh_HangThuHoiDatThanMay_VT" time="26.899" classname="org.selenium.automationtest.testsuite.TS_IM_QLK_XKDTCN_LapYeuCauNhapKhoChiNhanh"/>
  <testcase name="TC_003_LapYCNhapKhoChiNhanh_HangThuHoi_VT" time="32.045" classname="org.selenium.automationtest.testsuite.TS_IM_QLK_XKDTCN_LapYeuCauNhapKhoChiNhanh"/>
  <testcase name="TC_000_ChuanBiDL" time="7.463" classname="org.selenium.automationtest.testsuite.TS_IM_QLK_XKDTCN_LapYeuCauNhapKhoChiNhanh"/>
  <testcase name="TC_001_LapYCNhapKhoChiNhanh_HangNhapMoi_HangMoi_VT" time="52.375" classname="org.selenium.automationtest.testsuite.TS_IM_QLK_XKDTCN_LapYeuCauNhapKhoChiNhanh"/>
</testsuite> <!-- org.selenium.automationtest.testsuite.TS_IM_QLK_XKDTCN_LapYeuCauNhapKhoChiNhanh -->
