<?xml version="1.0" encoding="UTF-8"?>
<!-- Generated by org.testng.reporters.JUnitReportReporter -->
<testsuite hostname="vtt-cntt-l-77-HP-ProDesk-400-G5-MT-IDS-APJ" name="org.selenium.automationtest.testsuite.Lotrinhdiemban" tests="3" failures="0" timestamp="6 Nov 2019 04:47:01 GMT" time="52.606" errors="0">
  <testcase name="TC_001_LotrinhDBVTT_Timkiem_Chinhapbatbuoc" time="17.863" classname="org.selenium.automationtest.testsuite.Lotrinhdiemban"/>
  <testcase name="TC_002_LotrinhDBVTT_Timkiem_Full" time="22.257" classname="org.selenium.automationtest.testsuite.Lotrinhdiemban"/>
  <testcase name="TC_003_LotrinhDBVTT_importVTL" time="12.486" classname="org.selenium.automationtest.testsuite.Lotrinhdiemban"/>
</testsuite> <!-- org.selenium.automationtest.testsuite.Lotrinhdiemban -->
