<?xml version="1.0" encoding="UTF-8"?>
<!-- Generated by org.testng.reporters.JUnitReportReporter -->
<testsuite hostname="vtt-cntt-l-77-HP-ProDesk-400-G5-MT-IDS-APJ" name="org.selenium.automationtest.testsuite.Giaochitieu_VTB" tests="1" failures="0" timestamp="4 Nov 2019 03:52:35 GMT" time="20.179" errors="0">
  <testcase name="TC_006_Giaochitieu_import_TCT_Cokenh" time="20.179" classname="org.selenium.automationtest.testsuite.Giaochitieu_VTB"/>
</testsuite> <!-- org.selenium.automationtest.testsuite.Giaochitieu_VTB -->
