<?xml version="1.0" encoding="UTF-8"?>
<!-- Generated by org.testng.reporters.JUnitReportReporter -->
<testsuite hostname="vtt-cntt-l-77-HP-ProDesk-400-G5-MT-IDS-APJ" name="org.selenium.automationtest.testsuite.TS_IM_QLK_Tienich_Tracuukho_Ha" tests="3" failures="0" timestamp="9 Dec 2019 09:30:19 GMT" time="54.761" errors="0">
  <testcase name="QLKHO_TIENICH_TRACUUKHO_001" time="22.678" classname="org.selenium.automationtest.testsuite.TS_IM_QLK_Tienich_Tracuukho_Ha"/>
  <testcase name="QLKHO_TIENICH_TRACUUKHO_002" time="24.281" classname="org.selenium.automationtest.testsuite.TS_IM_QLK_Tienich_Tracuukho_Ha"/>
  <testcase name="TC_000_ChuanBiDL" time="7.802" classname="org.selenium.automationtest.testsuite.TS_IM_QLK_Tienich_Tracuukho_Ha"/>
</testsuite> <!-- org.selenium.automationtest.testsuite.TS_IM_QLK_Tienich_Tracuukho_Ha -->
