<?xml version="1.0" encoding="UTF-8"?>
<!-- Generated by org.testng.reporters.JUnitReportReporter -->
<testsuite hostname="vtt-cntt-l-77-HP-ProDesk-400-G5-MT-IDS-APJ" name="org.selenium.automationtest.testsuite.Giaochitieu" tests="1" failures="0" timestamp="30 Oct 2019 04:03:18 GMT" time="26.984" errors="0">
  <testcase name="TC_006_Giaochitieu_import_TCT_Cokenh" time="26.984" classname="org.selenium.automationtest.testsuite.Giaochitieu"/>
</testsuite> <!-- org.selenium.automationtest.testsuite.Giaochitieu -->
