<?xml version="1.0" encoding="UTF-8"?>
<!-- Generated by org.testng.reporters.JUnitReportReporter -->
<testsuite hostname="MSI" failures="0" tests="1" name="automation.testsuite.ThaoNguyen.TS_Test" time="15.785" errors="0" timestamp="11 Jun 2023 14:27:04 GMT">
  <testcase classname="automation.testsuite.ThaoNguyen.TS_Test" name="Epic1_Story1_SignInPage" time="15.785"/>
</testsuite> <!-- automation.testsuite.ThaoNguyen.TS_Test -->
